<?xml version="1.0" encoding="UTF-8"?>
<!-- Generated by org.testng.reporters.JUnitReportReporter -->
<testsuite hostname="DESKTOP-08K23UN" failures="0" tests="3" name="TestCases.ScrollUp" time="38.919" errors="2" timestamp="2024-02-06T12:10:35 IST" skipped="0">
  <testcase classname="TestCases.ScrollUp" name="Language" time="34.858"/>
  <system-out/>
  <testcase classname="TestCases.ScrollUp" name="LoginPage" time="2.089">
    <error message="An element could not be located on the page using the given search parameters.
For documentation on this error, please visit: https://selenium.dev/exceptions/#no_such_element
Build info: version: &#039;4.5.0&#039;, revision: &#039;fe167b119a&#039;
System info: os.name: &#039;Windows 10&#039;, os.arch: &#039;amd64&#039;, os.version: &#039;10.0&#039;, java.version: &#039;17&#039;
Driver info: org.openqa.selenium.remote.RemoteWebDriver
Command: [f7979f45-9fb7-44d3-a7e6-f941f26911ab, findElement {using=xpath, value=//android.widget.EditText[@resource-id=&quot;com.tja:id/edInputPhoneNumber&quot;]}]
Capabilities {Automation Name:  UiAutomator2, Udid: 10BCAX0CX0000K0, appActivity: com.tja.activities.LandingA..., appPackage: com.tja, databaseEnabled: false, desired: {Automation Name:  UiAutomator2, Udid: 10BCAX0CX0000K0, appActivity: com.tja.activities.LandingA..., appPackage: com.tja, deviceName: Pixel 6a, platformName: android, platformVersion: 13}, deviceApiLevel: 33, deviceManufacturer: vivo, deviceModel: V2205, deviceName: 10BCAX0CX0000K0, deviceScreenDensity: 440, deviceScreenSize: 1080x2408, deviceUDID: 10BCAX0CX0000K0, javascriptEnabled: true, locationContextEnabled: false, networkConnectionEnabled: true, pixelRatio: 2.75, platform: LINUX, platformName: ANDROID, platformVersion: 13, statBarHeight: 88, takesScreenshot: true, viewportRect: {height: 2188, left: 0, top: 88, width: 1080}, warnings: {}, webStorageEnabled: false}
Session ID: f7979f45-9fb7-44d3-a7e6-f941f26911ab" type="org.openqa.selenium.NoSuchElementException">
      <![CDATA[org.openqa.selenium.NoSuchElementException: An element could not be located on the page using the given search parameters.
For documentation on this error, please visit: https://selenium.dev/exceptions/#no_such_element
Build info: version: '4.5.0', revision: 'fe167b119a'
System info: os.name: 'Windows 10', os.arch: 'amd64', os.version: '10.0', java.version: '17'
Driver info: org.openqa.selenium.remote.RemoteWebDriver
Command: [f7979f45-9fb7-44d3-a7e6-f941f26911ab, findElement {using=xpath, value=//android.widget.EditText[@resource-id="com.tja:id/edInputPhoneNumber"]}]
Capabilities {Automation Name:  UiAutomator2, Udid: 10BCAX0CX0000K0, appActivity: com.tja.activities.LandingA..., appPackage: com.tja, databaseEnabled: false, desired: {Automation Name:  UiAutomator2, Udid: 10BCAX0CX0000K0, appActivity: com.tja.activities.LandingA..., appPackage: com.tja, deviceName: Pixel 6a, platformName: android, platformVersion: 13}, deviceApiLevel: 33, deviceManufacturer: vivo, deviceModel: V2205, deviceName: 10BCAX0CX0000K0, deviceScreenDensity: 440, deviceScreenSize: 1080x2408, deviceUDID: 10BCAX0CX0000K0, javascriptEnabled: true, locationContextEnabled: false, networkConnectionEnabled: true, pixelRatio: 2.75, platform: LINUX, platformName: ANDROID, platformVersion: 13, statBarHeight: 88, takesScreenshot: true, viewportRect: {height: 2188, left: 0, top: 88, width: 1080}, warnings: {}, webStorageEnabled: false}
Session ID: f7979f45-9fb7-44d3-a7e6-f941f26911ab
at java.base/jdk.internal.reflect.NativeConstructorAccessorImpl.newInstance0(Native Method)
at java.base/jdk.internal.reflect.NativeConstructorAccessorImpl.newInstance(NativeConstructorAccessorImpl.java:77)
at java.base/jdk.internal.reflect.DelegatingConstructorAccessorImpl.newInstance(DelegatingConstructorAccessorImpl.java:45)
at java.base/java.lang.reflect.Constructor.newInstanceWithCaller(Constructor.java:499)
at java.base/java.lang.reflect.Constructor.newInstance(Constructor.java:480)
at org.openqa.selenium.remote.codec.w3c.W3CHttpResponseCodec.createException(W3CHttpResponseCodec.java:200)
at org.openqa.selenium.remote.codec.w3c.W3CHttpResponseCodec.decode(W3CHttpResponseCodec.java:133)
at org.openqa.selenium.remote.codec.w3c.W3CHttpResponseCodec.decode(W3CHttpResponseCodec.java:53)
at org.openqa.selenium.remote.HttpCommandExecutor.execute(HttpCommandExecutor.java:184)
at org.openqa.selenium.remote.TracedCommandExecutor.execute(TracedCommandExecutor.java:51)
at org.openqa.selenium.remote.RemoteWebDriver.execute(RemoteWebDriver.java:547)
at org.openqa.selenium.remote.ElementLocation$ElementFinder$2.findElement(ElementLocation.java:162)
at org.openqa.selenium.remote.ElementLocation.findElement(ElementLocation.java:60)
at org.openqa.selenium.remote.RemoteWebDriver.findElement(RemoteWebDriver.java:365)
at org.openqa.selenium.remote.RemoteWebDriver.findElement(RemoteWebDriver.java:357)
at TestCases.ScrollUp.LoginPage(ScrollUp.java:91)
at java.base/jdk.internal.reflect.NativeMethodAccessorImpl.invoke0(Native Method)
at java.base/jdk.internal.reflect.NativeMethodAccessorImpl.invoke(NativeMethodAccessorImpl.java:77)
at java.base/jdk.internal.reflect.DelegatingMethodAccessorImpl.invoke(DelegatingMethodAccessorImpl.java:43)
at java.base/java.lang.reflect.Method.invoke(Method.java:568)
at org.testng.internal.MethodInvocationHelper.invokeMethod(MethodInvocationHelper.java:133)
at org.testng.internal.TestInvoker.invokeMethod(TestInvoker.java:598)
at org.testng.internal.TestInvoker.invokeTestMethod(TestInvoker.java:173)
at org.testng.internal.MethodRunner.runInSequence(MethodRunner.java:46)
at org.testng.internal.TestInvoker$MethodInvocationAgent.invoke(TestInvoker.java:824)
at org.testng.internal.TestInvoker.invokeTestMethods(TestInvoker.java:146)
at org.testng.internal.TestMethodWorker.invokeTestMethods(TestMethodWorker.java:146)
at org.testng.internal.TestMethodWorker.run(TestMethodWorker.java:128)
at java.base/java.util.ArrayList.forEach(ArrayList.java:1511)
at org.testng.TestRunner.privateRun(TestRunner.java:794)
at org.testng.TestRunner.run(TestRunner.java:596)
at org.testng.SuiteRunner.runTest(SuiteRunner.java:377)
at org.testng.SuiteRunner.runSequentially(SuiteRunner.java:371)
at org.testng.SuiteRunner.privateRun(SuiteRunner.java:332)
at org.testng.SuiteRunner.run(SuiteRunner.java:276)
at org.testng.SuiteRunnerWorker.runSuite(SuiteRunnerWorker.java:53)
at org.testng.SuiteRunnerWorker.run(SuiteRunnerWorker.java:96)
at org.testng.TestNG.runSuitesSequentially(TestNG.java:1212)
at org.testng.TestNG.runSuitesLocally(TestNG.java:1134)
at org.testng.TestNG.runSuites(TestNG.java:1063)
at org.testng.TestNG.run(TestNG.java:1031)
at org.testng.remote.AbstractRemoteTestNG.run(AbstractRemoteTestNG.java:115)
at org.testng.remote.RemoteTestNG.initAndRun(RemoteTestNG.java:251)
at org.testng.remote.RemoteTestNG.main(RemoteTestNG.java:77)
]]>
    </error>
  </testcase> <!-- LoginPage -->
  <system-out/>
  <testcase classname="TestCases.ScrollUp" name="scrollUpTest" time="1.972">
    <error type="java.lang.StackOverflowError">
      <![CDATA[java.lang.StackOverflowError
at TestCases.ScrollUp.scrollUpTest(ScrollUp.java:139)
at TestCases.ScrollUp.scrollUpTest(ScrollUp.java:139)
at TestCases.ScrollUp.scrollUpTest(ScrollUp.java:139)
at TestCases.ScrollUp.scrollUpTest(ScrollUp.java:139)
at TestCases.ScrollUp.scrollUpTest(ScrollUp.java:139)
at TestCases.ScrollUp.scrollUpTest(ScrollUp.java:139)
at TestCases.ScrollUp.scrollUpTest(ScrollUp.java:139)
at TestCases.ScrollUp.scrollUpTest(ScrollUp.java:139)
at TestCases.ScrollUp.scrollUpTest(ScrollUp.java:139)
at TestCases.ScrollUp.scrollUpTest(ScrollUp.java:139)
at TestCases.ScrollUp.scrollUpTest(ScrollUp.java:139)
at TestCases.ScrollUp.scrollUpTest(ScrollUp.java:139)
at TestCases.ScrollUp.scrollUpTest(ScrollUp.java:139)
at TestCases.ScrollUp.scrollUpTest(ScrollUp.java:139)
at TestCases.ScrollUp.scrollUpTest(ScrollUp.java:139)
at TestCases.ScrollUp.scrollUpTest(ScrollUp.java:139)
at TestCases.ScrollUp.scrollUpTest(ScrollUp.java:139)
at TestCases.ScrollUp.scrollUpTest(ScrollUp.java:139)
at TestCases.ScrollUp.scrollUpTest(ScrollUp.java:139)
at TestCases.ScrollUp.scrollUpTest(ScrollUp.java:139)
at TestCases.ScrollUp.scrollUpTest(ScrollUp.java:139)
at TestCases.ScrollUp.scrollUpTest(ScrollUp.java:139)
at TestCases.ScrollUp.scrollUpTest(ScrollUp.java:139)
at TestCases.ScrollUp.scrollUpTest(ScrollUp.java:139)
at TestCases.ScrollUp.scrollUpTest(ScrollUp.java:139)
at TestCases.ScrollUp.scrollUpTest(ScrollUp.java:139)
at TestCases.ScrollUp.scrollUpTest(ScrollUp.java:139)
at TestCases.ScrollUp.scrollUpTest(ScrollUp.java:139)
at TestCases.ScrollUp.scrollUpTest(ScrollUp.java:139)
at TestCases.ScrollUp.scrollUpTest(ScrollUp.java:139)
at TestCases.ScrollUp.scrollUpTest(ScrollUp.java:139)
at TestCases.ScrollUp.scrollUpTest(ScrollUp.java:139)
at TestCases.ScrollUp.scrollUpTest(ScrollUp.java:139)
at TestCases.ScrollUp.scrollUpTest(ScrollUp.java:139)
at TestCases.ScrollUp.scrollUpTest(ScrollUp.java:139)
at TestCases.ScrollUp.scrollUpTest(ScrollUp.java:139)
at TestCases.ScrollUp.scrollUpTest(ScrollUp.java:139)
at TestCases.ScrollUp.scrollUpTest(ScrollUp.java:139)
at TestCases.ScrollUp.scrollUpTest(ScrollUp.java:139)
at TestCases.ScrollUp.scrollUpTest(ScrollUp.java:139)
at TestCases.ScrollUp.scrollUpTest(ScrollUp.java:139)
at TestCases.ScrollUp.scrollUpTest(ScrollUp.java:139)
at TestCases.ScrollUp.scrollUpTest(ScrollUp.java:139)
at TestCases.ScrollUp.scrollUpTest(ScrollUp.java:139)
at TestCases.ScrollUp.scrollUpTest(ScrollUp.java:139)
at TestCases.ScrollUp.scrollUpTest(ScrollUp.java:139)
at TestCases.ScrollUp.scrollUpTest(ScrollUp.java:139)
at TestCases.ScrollUp.scrollUpTest(ScrollUp.java:139)
at TestCases.ScrollUp.scrollUpTest(ScrollUp.java:139)
at TestCases.ScrollUp.scrollUpTest(ScrollUp.java:139)
at TestCases.ScrollUp.scrollUpTest(ScrollUp.java:139)
at TestCases.ScrollUp.scrollUpTest(ScrollUp.java:139)
at TestCases.ScrollUp.scrollUpTest(ScrollUp.java:139)
at TestCases.ScrollUp.scrollUpTest(ScrollUp.java:139)
at TestCases.ScrollUp.scrollUpTest(ScrollUp.java:139)
at TestCases.ScrollUp.scrollUpTest(ScrollUp.java:139)
at TestCases.ScrollUp.scrollUpTest(ScrollUp.java:139)
at TestCases.ScrollUp.scrollUpTest(ScrollUp.java:139)
at TestCases.ScrollUp.scrollUpTest(ScrollUp.java:139)
at TestCases.ScrollUp.scrollUpTest(ScrollUp.java:139)
at TestCases.ScrollUp.scrollUpTest(ScrollUp.java:139)
at TestCases.ScrollUp.scrollUpTest(ScrollUp.java:139)
at TestCases.ScrollUp.scrollUpTest(ScrollUp.java:139)
at TestCases.ScrollUp.scrollUpTest(ScrollUp.java:139)
at TestCases.ScrollUp.scrollUpTest(ScrollUp.java:139)
at TestCases.ScrollUp.scrollUpTest(ScrollUp.java:139)
at TestCases.ScrollUp.scrollUpTest(ScrollUp.java:139)
at TestCases.ScrollUp.scrollUpTest(ScrollUp.java:139)
at TestCases.ScrollUp.scrollUpTest(ScrollUp.java:139)
at TestCases.ScrollUp.scrollUpTest(ScrollUp.java:139)
at TestCases.ScrollUp.scrollUpTest(ScrollUp.java:139)
at TestCases.ScrollUp.scrollUpTest(ScrollUp.java:139)
at TestCases.ScrollUp.scrollUpTest(ScrollUp.java:139)
at TestCases.ScrollUp.scrollUpTest(ScrollUp.java:139)
at TestCases.ScrollUp.scrollUpTest(ScrollUp.java:139)
at TestCases.ScrollUp.scrollUpTest(ScrollUp.java:139)
at TestCases.ScrollUp.scrollUpTest(ScrollUp.java:139)
at TestCases.ScrollUp.scrollUpTest(ScrollUp.java:139)
at TestCases.ScrollUp.scrollUpTest(ScrollUp.java:139)
at TestCases.ScrollUp.scrollUpTest(ScrollUp.java:139)
at TestCases.ScrollUp.scrollUpTest(ScrollUp.java:139)
at TestCases.ScrollUp.scrollUpTest(ScrollUp.java:139)
at TestCases.ScrollUp.scrollUpTest(ScrollUp.java:139)
at TestCases.ScrollUp.scrollUpTest(ScrollUp.java:139)
at TestCases.ScrollUp.scrollUpTest(ScrollUp.java:139)
at TestCases.ScrollUp.scrollUpTest(ScrollUp.java:139)
at TestCases.ScrollUp.scrollUpTest(ScrollUp.java:139)
at TestCases.ScrollUp.scrollUpTest(ScrollUp.java:139)
at TestCases.ScrollUp.scrollUpTest(ScrollUp.java:139)
at TestCases.ScrollUp.scrollUpTest(ScrollUp.java:139)
at TestCases.ScrollUp.scrollUpTest(ScrollUp.java:139)
at TestCases.ScrollUp.scrollUpTest(ScrollUp.java:139)
at TestCases.ScrollUp.scrollUpTest(ScrollUp.java:139)
at TestCases.ScrollUp.scrollUpTest(ScrollUp.java:139)
at TestCases.ScrollUp.scrollUpTest(ScrollUp.java:139)
at TestCases.ScrollUp.scrollUpTest(ScrollUp.java:139)
at TestCases.ScrollUp.scrollUpTest(ScrollUp.java:139)
at TestCases.ScrollUp.scrollUpTest(ScrollUp.java:139)
at TestCases.ScrollUp.scrollUpTest(ScrollUp.java:139)
at TestCases.ScrollUp.scrollUpTest(ScrollUp.java:139)
at TestCases.ScrollUp.scrollUpTest(ScrollUp.java:139)
at TestCases.ScrollUp.scrollUpTest(ScrollUp.java:139)
at TestCases.ScrollUp.scrollUpTest(ScrollUp.java:139)
at TestCases.ScrollUp.scrollUpTest(ScrollUp.java:139)
at TestCases.ScrollUp.scrollUpTest(ScrollUp.java:139)
at TestCases.ScrollUp.scrollUpTest(ScrollUp.java:139)
at TestCases.ScrollUp.scrollUpTest(ScrollUp.java:139)
at TestCases.ScrollUp.scrollUpTest(ScrollUp.java:139)
at TestCases.ScrollUp.scrollUpTest(ScrollUp.java:139)
at TestCases.ScrollUp.scrollUpTest(ScrollUp.java:139)
at TestCases.ScrollUp.scrollUpTest(ScrollUp.java:139)
at TestCases.ScrollUp.scrollUpTest(ScrollUp.java:139)
at TestCases.ScrollUp.scrollUpTest(ScrollUp.java:139)
at TestCases.ScrollUp.scrollUpTest(ScrollUp.java:139)
at TestCases.ScrollUp.scrollUpTest(ScrollUp.java:139)
at TestCases.ScrollUp.scrollUpTest(ScrollUp.java:139)
at TestCases.ScrollUp.scrollUpTest(ScrollUp.java:139)
at TestCases.ScrollUp.scrollUpTest(ScrollUp.java:139)
at TestCases.ScrollUp.scrollUpTest(ScrollUp.java:139)
at TestCases.ScrollUp.scrollUpTest(ScrollUp.java:139)
at TestCases.ScrollUp.scrollUpTest(ScrollUp.java:139)
at TestCases.ScrollUp.scrollUpTest(ScrollUp.java:139)
at TestCases.ScrollUp.scrollUpTest(ScrollUp.java:139)
at TestCases.ScrollUp.scrollUpTest(ScrollUp.java:139)
at TestCases.ScrollUp.scrollUpTest(ScrollUp.java:139)
at TestCases.ScrollUp.scrollUpTest(ScrollUp.java:139)
at TestCases.ScrollUp.scrollUpTest(ScrollUp.java:139)
at TestCases.ScrollUp.scrollUpTest(ScrollUp.java:139)
at TestCases.ScrollUp.scrollUpTest(ScrollUp.java:139)
at TestCases.ScrollUp.scrollUpTest(ScrollUp.java:139)
at TestCases.ScrollUp.scrollUpTest(ScrollUp.java:139)
at TestCases.ScrollUp.scrollUpTest(ScrollUp.java:139)
at TestCases.ScrollUp.scrollUpTest(ScrollUp.java:139)
at TestCases.ScrollUp.scrollUpTest(ScrollUp.java:139)
at TestCases.ScrollUp.scrollUpTest(ScrollUp.java:139)
at TestCases.ScrollUp.scrollUpTest(ScrollUp.java:139)
at TestCases.ScrollUp.scrollUpTest(ScrollUp.java:139)
at TestCases.ScrollUp.scrollUpTest(ScrollUp.java:139)
at TestCases.ScrollUp.scrollUpTest(ScrollUp.java:139)
at TestCases.ScrollUp.scrollUpTest(ScrollUp.java:139)
at TestCases.ScrollUp.scrollUpTest(ScrollUp.java:139)
at TestCases.ScrollUp.scrollUpTest(ScrollUp.java:139)
at TestCases.ScrollUp.scrollUpTest(ScrollUp.java:139)
at TestCases.ScrollUp.scrollUpTest(ScrollUp.java:139)
at TestCases.ScrollUp.scrollUpTest(ScrollUp.java:139)
at TestCases.ScrollUp.scrollUpTest(ScrollUp.java:139)
at TestCases.ScrollUp.scrollUpTest(ScrollUp.java:139)
at TestCases.ScrollUp.scrollUpTest(ScrollUp.java:139)
at TestCases.ScrollUp.scrollUpTest(ScrollUp.java:139)
at TestCases.ScrollUp.scrollUpTest(ScrollUp.java:139)
at TestCases.ScrollUp.scrollUpTest(ScrollUp.java:139)
at TestCases.ScrollUp.scrollUpTest(ScrollUp.java:139)
at TestCases.ScrollUp.scrollUpTest(ScrollUp.java:139)
at TestCases.ScrollUp.scrollUpTest(ScrollUp.java:139)
at TestCases.ScrollUp.scrollUpTest(ScrollUp.java:139)
at TestCases.ScrollUp.scrollUpTest(ScrollUp.java:139)
at TestCases.ScrollUp.scrollUpTest(ScrollUp.java:139)
at TestCases.ScrollUp.scrollUpTest(ScrollUp.java:139)
at TestCases.ScrollUp.scrollUpTest(ScrollUp.java:139)
at TestCases.ScrollUp.scrollUpTest(ScrollUp.java:139)
at TestCases.ScrollUp.scrollUpTest(ScrollUp.java:139)
at TestCases.ScrollUp.scrollUpTest(ScrollUp.java:139)
at TestCases.ScrollUp.scrollUpTest(ScrollUp.java:139)
at TestCases.ScrollUp.scrollUpTest(ScrollUp.java:139)
at TestCases.ScrollUp.scrollUpTest(ScrollUp.java:139)
at TestCases.ScrollUp.scrollUpTest(ScrollUp.java:139)
at TestCases.ScrollUp.scrollUpTest(ScrollUp.java:139)
at TestCases.ScrollUp.scrollUpTest(ScrollUp.java:139)
at TestCases.ScrollUp.scrollUpTest(ScrollUp.java:139)
at TestCases.ScrollUp.scrollUpTest(ScrollUp.java:139)
at TestCases.ScrollUp.scrollUpTest(ScrollUp.java:139)
at TestCases.ScrollUp.scrollUpTest(ScrollUp.java:139)
at TestCases.ScrollUp.scrollUpTest(ScrollUp.java:139)
at TestCases.ScrollUp.scrollUpTest(ScrollUp.java:139)
at TestCases.ScrollUp.scrollUpTest(ScrollUp.java:139)
at TestCases.ScrollUp.scrollUpTest(ScrollUp.java:139)
at TestCases.ScrollUp.scrollUpTest(ScrollUp.java:139)
at TestCases.ScrollUp.scrollUpTest(ScrollUp.java:139)
at TestCases.ScrollUp.scrollUpTest(ScrollUp.java:139)
at TestCases.ScrollUp.scrollUpTest(ScrollUp.java:139)
at TestCases.ScrollUp.scrollUpTest(ScrollUp.java:139)
at TestCases.ScrollUp.scrollUpTest(ScrollUp.java:139)
at TestCases.ScrollUp.scrollUpTest(ScrollUp.java:139)
at TestCases.ScrollUp.scrollUpTest(ScrollUp.java:139)
at TestCases.ScrollUp.scrollUpTest(ScrollUp.java:139)
at TestCases.ScrollUp.scrollUpTest(ScrollUp.java:139)
at TestCases.ScrollUp.scrollUpTest(ScrollUp.java:139)
at TestCases.ScrollUp.scrollUpTest(ScrollUp.java:139)
at TestCases.ScrollUp.scrollUpTest(ScrollUp.java:139)
at TestCases.ScrollUp.scrollUpTest(ScrollUp.java:139)
at TestCases.ScrollUp.scrollUpTest(ScrollUp.java:139)
at TestCases.ScrollUp.scrollUpTest(ScrollUp.java:139)
at TestCases.ScrollUp.scrollUpTest(ScrollUp.java:139)
at TestCases.ScrollUp.scrollUpTest(ScrollUp.java:139)
at TestCases.ScrollUp.scrollUpTest(ScrollUp.java:139)
at TestCases.ScrollUp.scrollUpTest(ScrollUp.java:139)
at TestCases.ScrollUp.scrollUpTest(ScrollUp.java:139)
at TestCases.ScrollUp.scrollUpTest(ScrollUp.java:139)
at TestCases.ScrollUp.scrollUpTest(ScrollUp.java:139)
at TestCases.ScrollUp.scrollUpTest(ScrollUp.java:139)
at TestCases.ScrollUp.scrollUpTest(ScrollUp.java:139)
at TestCases.ScrollUp.scrollUpTest(ScrollUp.java:139)
at TestCases.ScrollUp.scrollUpTest(ScrollUp.java:139)
at TestCases.ScrollUp.scrollUpTest(ScrollUp.java:139)
at TestCases.ScrollUp.scrollUpTest(ScrollUp.java:139)
at TestCases.ScrollUp.scrollUpTest(ScrollUp.java:139)
at TestCases.ScrollUp.scrollUpTest(ScrollUp.java:139)
at TestCases.ScrollUp.scrollUpTest(ScrollUp.java:139)
at TestCases.ScrollUp.scrollUpTest(ScrollUp.java:139)
at TestCases.ScrollUp.scrollUpTest(ScrollUp.java:139)
at TestCases.ScrollUp.scrollUpTest(ScrollUp.java:139)
at TestCases.ScrollUp.scrollUpTest(ScrollUp.java:139)
at TestCases.ScrollUp.scrollUpTest(ScrollUp.java:139)
at TestCases.ScrollUp.scrollUpTest(ScrollUp.java:139)
at TestCases.ScrollUp.scrollUpTest(ScrollUp.java:139)
at TestCases.ScrollUp.scrollUpTest(ScrollUp.java:139)
at TestCases.ScrollUp.scrollUpTest(ScrollUp.java:139)
at TestCases.ScrollUp.scrollUpTest(ScrollUp.java:139)
at TestCases.ScrollUp.scrollUpTest(ScrollUp.java:139)
at TestCases.ScrollUp.scrollUpTest(ScrollUp.java:139)
at TestCases.ScrollUp.scrollUpTest(ScrollUp.java:139)
at TestCases.ScrollUp.scrollUpTest(ScrollUp.java:139)
at TestCases.ScrollUp.scrollUpTest(ScrollUp.java:139)
at TestCases.ScrollUp.scrollUpTest(ScrollUp.java:139)
at TestCases.ScrollUp.scrollUpTest(ScrollUp.java:139)
at TestCases.ScrollUp.scrollUpTest(ScrollUp.java:139)
at TestCases.ScrollUp.scrollUpTest(ScrollUp.java:139)
at TestCases.ScrollUp.scrollUpTest(ScrollUp.java:139)
at TestCases.ScrollUp.scrollUpTest(ScrollUp.java:139)
at TestCases.ScrollUp.scrollUpTest(ScrollUp.java:139)
at TestCases.ScrollUp.scrollUpTest(ScrollUp.java:139)
at TestCases.ScrollUp.scrollUpTest(ScrollUp.java:139)
at TestCases.ScrollUp.scrollUpTest(ScrollUp.java:139)
at TestCases.ScrollUp.scrollUpTest(ScrollUp.java:139)
at TestCases.ScrollUp.scrollUpTest(ScrollUp.java:139)
at TestCases.ScrollUp.scrollUpTest(ScrollUp.java:139)
at TestCases.ScrollUp.scrollUpTest(ScrollUp.java:139)
at TestCases.ScrollUp.scrollUpTest(ScrollUp.java:139)
at TestCases.ScrollUp.scrollUpTest(ScrollUp.java:139)
at TestCases.ScrollUp.scrollUpTest(ScrollUp.java:139)
at TestCases.ScrollUp.scrollUpTest(ScrollUp.java:139)
at TestCases.ScrollUp.scrollUpTest(ScrollUp.java:139)
at TestCases.ScrollUp.scrollUpTest(ScrollUp.java:139)
at TestCases.ScrollUp.scrollUpTest(ScrollUp.java:139)
at TestCases.ScrollUp.scrollUpTest(ScrollUp.java:139)
at TestCases.ScrollUp.scrollUpTest(ScrollUp.java:139)
at TestCases.ScrollUp.scrollUpTest(ScrollUp.java:139)
at TestCases.ScrollUp.scrollUpTest(ScrollUp.java:139)
at TestCases.ScrollUp.scrollUpTest(ScrollUp.java:139)
at TestCases.ScrollUp.scrollUpTest(ScrollUp.java:139)
at TestCases.ScrollUp.scrollUpTest(ScrollUp.java:139)
at TestCases.ScrollUp.scrollUpTest(ScrollUp.java:139)
at TestCases.ScrollUp.scrollUpTest(ScrollUp.java:139)
at TestCases.ScrollUp.scrollUpTest(ScrollUp.java:139)
at TestCases.ScrollUp.scrollUpTest(ScrollUp.java:139)
at TestCases.ScrollUp.scrollUpTest(ScrollUp.java:139)
at TestCases.ScrollUp.scrollUpTest(ScrollUp.java:139)
at TestCases.ScrollUp.scrollUpTest(ScrollUp.java:139)
at TestCases.ScrollUp.scrollUpTest(ScrollUp.java:139)
at TestCases.ScrollUp.scrollUpTest(ScrollUp.java:139)
at TestCases.ScrollUp.scrollUpTest(ScrollUp.java:139)
at TestCases.ScrollUp.scrollUpTest(ScrollUp.java:139)
at TestCases.ScrollUp.scrollUpTest(ScrollUp.java:139)
at TestCases.ScrollUp.scrollUpTest(ScrollUp.java:139)
at TestCases.ScrollUp.scrollUpTest(ScrollUp.java:139)
at TestCases.ScrollUp.scrollUpTest(ScrollUp.java:139)
at TestCases.ScrollUp.scrollUpTest(ScrollUp.java:139)
at TestCases.ScrollUp.scrollUpTest(ScrollUp.java:139)
at TestCases.ScrollUp.scrollUpTest(ScrollUp.java:139)
at TestCases.ScrollUp.scrollUpTest(ScrollUp.java:139)
at TestCases.ScrollUp.scrollUpTest(ScrollUp.java:139)
at TestCases.ScrollUp.scrollUpTest(ScrollUp.java:139)
at TestCases.ScrollUp.scrollUpTest(ScrollUp.java:139)
at TestCases.ScrollUp.scrollUpTest(ScrollUp.java:139)
at TestCases.ScrollUp.scrollUpTest(ScrollUp.java:139)
at TestCases.ScrollUp.scrollUpTest(ScrollUp.java:139)
at TestCases.ScrollUp.scrollUpTest(ScrollUp.java:139)
at TestCases.ScrollUp.scrollUpTest(ScrollUp.java:139)
at TestCases.ScrollUp.scrollUpTest(ScrollUp.java:139)
at TestCases.ScrollUp.scrollUpTest(ScrollUp.java:139)
at TestCases.ScrollUp.scrollUpTest(ScrollUp.java:139)
at TestCases.ScrollUp.scrollUpTest(ScrollUp.java:139)
at TestCases.ScrollUp.scrollUpTest(ScrollUp.java:139)
at TestCases.ScrollUp.scrollUpTest(ScrollUp.java:139)
at TestCases.ScrollUp.scrollUpTest(ScrollUp.java:139)
at TestCases.ScrollUp.scrollUpTest(ScrollUp.java:139)
at TestCases.ScrollUp.scrollUpTest(ScrollUp.java:139)
at TestCases.ScrollUp.scrollUpTest(ScrollUp.java:139)
at TestCases.ScrollUp.scrollUpTest(ScrollUp.java:139)
at TestCases.ScrollUp.scrollUpTest(ScrollUp.java:139)
at TestCases.ScrollUp.scrollUpTest(ScrollUp.java:139)
at TestCases.ScrollUp.scrollUpTest(ScrollUp.java:139)
at TestCases.ScrollUp.scrollUpTest(ScrollUp.java:139)
at TestCases.ScrollUp.scrollUpTest(ScrollUp.java:139)
at TestCases.ScrollUp.scrollUpTest(ScrollUp.java:139)
at TestCases.ScrollUp.scrollUpTest(ScrollUp.java:139)
at TestCases.ScrollUp.scrollUpTest(ScrollUp.java:139)
at TestCases.ScrollUp.scrollUpTest(ScrollUp.java:139)
at TestCases.ScrollUp.scrollUpTest(ScrollUp.java:139)
at TestCases.ScrollUp.scrollUpTest(ScrollUp.java:139)
at TestCases.ScrollUp.scrollUpTest(ScrollUp.java:139)
at TestCases.ScrollUp.scrollUpTest(ScrollUp.java:139)
at TestCases.ScrollUp.scrollUpTest(ScrollUp.java:139)
at TestCases.ScrollUp.scrollUpTest(ScrollUp.java:139)
at TestCases.ScrollUp.scrollUpTest(ScrollUp.java:139)
at TestCases.ScrollUp.scrollUpTest(ScrollUp.java:139)
at TestCases.ScrollUp.scrollUpTest(ScrollUp.java:139)
at TestCases.ScrollUp.scrollUpTest(ScrollUp.java:139)
at TestCases.ScrollUp.scrollUpTest(ScrollUp.java:139)
at TestCases.ScrollUp.scrollUpTest(ScrollUp.java:139)
at TestCases.ScrollUp.scrollUpTest(ScrollUp.java:139)
at TestCases.ScrollUp.scrollUpTest(ScrollUp.java:139)
at TestCases.ScrollUp.scrollUpTest(ScrollUp.java:139)
at TestCases.ScrollUp.scrollUpTest(ScrollUp.java:139)
at TestCases.ScrollUp.scrollUpTest(ScrollUp.java:139)
at TestCases.ScrollUp.scrollUpTest(ScrollUp.java:139)
at TestCases.ScrollUp.scrollUpTest(ScrollUp.java:139)
at TestCases.ScrollUp.scrollUpTest(ScrollUp.java:139)
at TestCases.ScrollUp.scrollUpTest(ScrollUp.java:139)
at TestCases.ScrollUp.scrollUpTest(ScrollUp.java:139)
at TestCases.ScrollUp.scrollUpTest(ScrollUp.java:139)
at TestCases.ScrollUp.scrollUpTest(ScrollUp.java:139)
at TestCases.ScrollUp.scrollUpTest(ScrollUp.java:139)
at TestCases.ScrollUp.scrollUpTest(ScrollUp.java:139)
at TestCases.ScrollUp.scrollUpTest(ScrollUp.java:139)
at TestCases.ScrollUp.scrollUpTest(ScrollUp.java:139)
at TestCases.ScrollUp.scrollUpTest(ScrollUp.java:139)
at TestCases.ScrollUp.scrollUpTest(ScrollUp.java:139)
at TestCases.ScrollUp.scrollUpTest(ScrollUp.java:139)
at TestCases.ScrollUp.scrollUpTest(ScrollUp.java:139)
at TestCases.ScrollUp.scrollUpTest(ScrollUp.java:139)
at TestCases.ScrollUp.scrollUpTest(ScrollUp.java:139)
at TestCases.ScrollUp.scrollUpTest(ScrollUp.java:139)
at TestCases.ScrollUp.scrollUpTest(ScrollUp.java:139)
at TestCases.ScrollUp.scrollUpTest(ScrollUp.java:139)
at TestCases.ScrollUp.scrollUpTest(ScrollUp.java:139)
at TestCases.ScrollUp.scrollUpTest(ScrollUp.java:139)
at TestCases.ScrollUp.scrollUpTest(ScrollUp.java:139)
at TestCases.ScrollUp.scrollUpTest(ScrollUp.java:139)
at TestCases.ScrollUp.scrollUpTest(ScrollUp.java:139)
at TestCases.ScrollUp.scrollUpTest(ScrollUp.java:139)
at TestCases.ScrollUp.scrollUpTest(ScrollUp.java:139)
at TestCases.ScrollUp.scrollUpTest(ScrollUp.java:139)
at TestCases.ScrollUp.scrollUpTest(ScrollUp.java:139)
at TestCases.ScrollUp.scrollUpTest(ScrollUp.java:139)
at TestCases.ScrollUp.scrollUpTest(ScrollUp.java:139)
at TestCases.ScrollUp.scrollUpTest(ScrollUp.java:139)
at TestCases.ScrollUp.scrollUpTest(ScrollUp.java:139)
at TestCases.ScrollUp.scrollUpTest(ScrollUp.java:139)
at TestCases.ScrollUp.scrollUpTest(ScrollUp.java:139)
at TestCases.ScrollUp.scrollUpTest(ScrollUp.java:139)
at TestCases.ScrollUp.scrollUpTest(ScrollUp.java:139)
at TestCases.ScrollUp.scrollUpTest(ScrollUp.java:139)
at TestCases.ScrollUp.scrollUpTest(ScrollUp.java:139)
at TestCases.ScrollUp.scrollUpTest(ScrollUp.java:139)
at TestCases.ScrollUp.scrollUpTest(ScrollUp.java:139)
at TestCases.ScrollUp.scrollUpTest(ScrollUp.java:139)
at TestCases.ScrollUp.scrollUpTest(ScrollUp.java:139)
at TestCases.ScrollUp.scrollUpTest(ScrollUp.java:139)
at TestCases.ScrollUp.scrollUpTest(ScrollUp.java:139)
at TestCases.ScrollUp.scrollUpTest(ScrollUp.java:139)
at TestCases.ScrollUp.scrollUpTest(ScrollUp.java:139)
at TestCases.ScrollUp.scrollUpTest(ScrollUp.java:139)
at TestCases.ScrollUp.scrollUpTest(ScrollUp.java:139)
at TestCases.ScrollUp.scrollUpTest(ScrollUp.java:139)
at TestCases.ScrollUp.scrollUpTest(ScrollUp.java:139)
at TestCases.ScrollUp.scrollUpTest(ScrollUp.java:139)
at TestCases.ScrollUp.scrollUpTest(ScrollUp.java:139)
at TestCases.ScrollUp.scrollUpTest(ScrollUp.java:139)
at TestCases.ScrollUp.scrollUpTest(ScrollUp.java:139)
at TestCases.ScrollUp.scrollUpTest(ScrollUp.java:139)
at TestCases.ScrollUp.scrollUpTest(ScrollUp.java:139)
at TestCases.ScrollUp.scrollUpTest(ScrollUp.java:139)
at TestCases.ScrollUp.scrollUpTest(ScrollUp.java:139)
at TestCases.ScrollUp.scrollUpTest(ScrollUp.java:139)
at TestCases.ScrollUp.scrollUpTest(ScrollUp.java:139)
at TestCases.ScrollUp.scrollUpTest(ScrollUp.java:139)
at TestCases.ScrollUp.scrollUpTest(ScrollUp.java:139)
at TestCases.ScrollUp.scrollUpTest(ScrollUp.java:139)
at TestCases.ScrollUp.scrollUpTest(ScrollUp.java:139)
at TestCases.ScrollUp.scrollUpTest(ScrollUp.java:139)
at TestCases.ScrollUp.scrollUpTest(ScrollUp.java:139)
at TestCases.ScrollUp.scrollUpTest(ScrollUp.java:139)
at TestCases.ScrollUp.scrollUpTest(ScrollUp.java:139)
at TestCases.ScrollUp.scrollUpTest(ScrollUp.java:139)
at TestCases.ScrollUp.scrollUpTest(ScrollUp.java:139)
at TestCases.ScrollUp.scrollUpTest(ScrollUp.java:139)
at TestCases.ScrollUp.scrollUpTest(ScrollUp.java:139)
at TestCases.ScrollUp.scrollUpTest(ScrollUp.java:139)
at TestCases.ScrollUp.scrollUpTest(ScrollUp.java:139)
at TestCases.ScrollUp.scrollUpTest(ScrollUp.java:139)
at TestCases.ScrollUp.scrollUpTest(ScrollUp.java:139)
at TestCases.ScrollUp.scrollUpTest(ScrollUp.java:139)
at TestCases.ScrollUp.scrollUpTest(ScrollUp.java:139)
at TestCases.ScrollUp.scrollUpTest(ScrollUp.java:139)
at TestCases.ScrollUp.scrollUpTest(ScrollUp.java:139)
at TestCases.ScrollUp.scrollUpTest(ScrollUp.java:139)
at TestCases.ScrollUp.scrollUpTest(ScrollUp.java:139)
at TestCases.ScrollUp.scrollUpTest(ScrollUp.java:139)
at TestCases.ScrollUp.scrollUpTest(ScrollUp.java:139)
at TestCases.ScrollUp.scrollUpTest(ScrollUp.java:139)
at TestCases.ScrollUp.scrollUpTest(ScrollUp.java:139)
at TestCases.ScrollUp.scrollUpTest(ScrollUp.java:139)
at TestCases.ScrollUp.scrollUpTest(ScrollUp.java:139)
at TestCases.ScrollUp.scrollUpTest(ScrollUp.java:139)
at TestCases.ScrollUp.scrollUpTest(ScrollUp.java:139)
at TestCases.ScrollUp.scrollUpTest(ScrollUp.java:139)
at TestCases.ScrollUp.scrollUpTest(ScrollUp.java:139)
at TestCases.ScrollUp.scrollUpTest(ScrollUp.java:139)
at TestCases.ScrollUp.scrollUpTest(ScrollUp.java:139)
at TestCases.ScrollUp.scrollUpTest(ScrollUp.java:139)
at TestCases.ScrollUp.scrollUpTest(ScrollUp.java:139)
at TestCases.ScrollUp.scrollUpTest(ScrollUp.java:139)
at TestCases.ScrollUp.scrollUpTest(ScrollUp.java:139)
at TestCases.ScrollUp.scrollUpTest(ScrollUp.java:139)
at TestCases.ScrollUp.scrollUpTest(ScrollUp.java:139)
at TestCases.ScrollUp.scrollUpTest(ScrollUp.java:139)
at TestCases.ScrollUp.scrollUpTest(ScrollUp.java:139)
at TestCases.ScrollUp.scrollUpTest(ScrollUp.java:139)
at TestCases.ScrollUp.scrollUpTest(ScrollUp.java:139)
at TestCases.ScrollUp.scrollUpTest(ScrollUp.java:139)
at TestCases.ScrollUp.scrollUpTest(ScrollUp.java:139)
at TestCases.ScrollUp.scrollUpTest(ScrollUp.java:139)
at TestCases.ScrollUp.scrollUpTest(ScrollUp.java:139)
at TestCases.ScrollUp.scrollUpTest(ScrollUp.java:139)
at TestCases.ScrollUp.scrollUpTest(ScrollUp.java:139)
at TestCases.ScrollUp.scrollUpTest(ScrollUp.java:139)
at TestCases.ScrollUp.scrollUpTest(ScrollUp.java:139)
at TestCases.ScrollUp.scrollUpTest(ScrollUp.java:139)
at TestCases.ScrollUp.scrollUpTest(ScrollUp.java:139)
at TestCases.ScrollUp.scrollUpTest(ScrollUp.java:139)
at TestCases.ScrollUp.scrollUpTest(ScrollUp.java:139)
at TestCases.ScrollUp.scrollUpTest(ScrollUp.java:139)
at TestCases.ScrollUp.scrollUpTest(ScrollUp.java:139)
at TestCases.ScrollUp.scrollUpTest(ScrollUp.java:139)
at TestCases.ScrollUp.scrollUpTest(ScrollUp.java:139)
at TestCases.ScrollUp.scrollUpTest(ScrollUp.java:139)
at TestCases.ScrollUp.scrollUpTest(ScrollUp.java:139)
at TestCases.ScrollUp.scrollUpTest(ScrollUp.java:139)
at TestCases.ScrollUp.scrollUpTest(ScrollUp.java:139)
at TestCases.ScrollUp.scrollUpTest(ScrollUp.java:139)
at TestCases.ScrollUp.scrollUpTest(ScrollUp.java:139)
at TestCases.ScrollUp.scrollUpTest(ScrollUp.java:139)
at TestCases.ScrollUp.scrollUpTest(ScrollUp.java:139)
at TestCases.ScrollUp.scrollUpTest(ScrollUp.java:139)
at TestCases.ScrollUp.scrollUpTest(ScrollUp.java:139)
at TestCases.ScrollUp.scrollUpTest(ScrollUp.java:139)
at TestCases.ScrollUp.scrollUpTest(ScrollUp.java:139)
at TestCases.ScrollUp.scrollUpTest(ScrollUp.java:139)
at TestCases.ScrollUp.scrollUpTest(ScrollUp.java:139)
at TestCases.ScrollUp.scrollUpTest(ScrollUp.java:139)
at TestCases.ScrollUp.scrollUpTest(ScrollUp.java:139)
at TestCases.ScrollUp.scrollUpTest(ScrollUp.java:139)
at TestCases.ScrollUp.scrollUpTest(ScrollUp.java:139)
at TestCases.ScrollUp.scrollUpTest(ScrollUp.java:139)
at TestCases.ScrollUp.scrollUpTest(ScrollUp.java:139)
at TestCases.ScrollUp.scrollUpTest(ScrollUp.java:139)
at TestCases.ScrollUp.scrollUpTest(ScrollUp.java:139)
at TestCases.ScrollUp.scrollUpTest(ScrollUp.java:139)
at TestCases.ScrollUp.scrollUpTest(ScrollUp.java:139)
at TestCases.ScrollUp.scrollUpTest(ScrollUp.java:139)
at TestCases.ScrollUp.scrollUpTest(ScrollUp.java:139)
at TestCases.ScrollUp.scrollUpTest(ScrollUp.java:139)
at TestCases.ScrollUp.scrollUpTest(ScrollUp.java:139)
at TestCases.ScrollUp.scrollUpTest(ScrollUp.java:139)
at TestCases.ScrollUp.scrollUpTest(ScrollUp.java:139)
at TestCases.ScrollUp.scrollUpTest(ScrollUp.java:139)
at TestCases.ScrollUp.scrollUpTest(ScrollUp.java:139)
at TestCases.ScrollUp.scrollUpTest(ScrollUp.java:139)
at TestCases.ScrollUp.scrollUpTest(ScrollUp.java:139)
at TestCases.ScrollUp.scrollUpTest(ScrollUp.java:139)
at TestCases.ScrollUp.scrollUpTest(ScrollUp.java:139)
at TestCases.ScrollUp.scrollUpTest(ScrollUp.java:139)
at TestCases.ScrollUp.scrollUpTest(ScrollUp.java:139)
at TestCases.ScrollUp.scrollUpTest(ScrollUp.java:139)
at TestCases.ScrollUp.scrollUpTest(ScrollUp.java:139)
at TestCases.ScrollUp.scrollUpTest(ScrollUp.java:139)
at TestCases.ScrollUp.scrollUpTest(ScrollUp.java:139)
at TestCases.ScrollUp.scrollUpTest(ScrollUp.java:139)
at TestCases.ScrollUp.scrollUpTest(ScrollUp.java:139)
at TestCases.ScrollUp.scrollUpTest(ScrollUp.java:139)
at TestCases.ScrollUp.scrollUpTest(ScrollUp.java:139)
at TestCases.ScrollUp.scrollUpTest(ScrollUp.java:139)
at TestCases.ScrollUp.scrollUpTest(ScrollUp.java:139)
at TestCases.ScrollUp.scrollUpTest(ScrollUp.java:139)
at TestCases.ScrollUp.scrollUpTest(ScrollUp.java:139)
at TestCases.ScrollUp.scrollUpTest(ScrollUp.java:139)
at TestCases.ScrollUp.scrollUpTest(ScrollUp.java:139)
at TestCases.ScrollUp.scrollUpTest(ScrollUp.java:139)
at TestCases.ScrollUp.scrollUpTest(ScrollUp.java:139)
at TestCases.ScrollUp.scrollUpTest(ScrollUp.java:139)
at TestCases.ScrollUp.scrollUpTest(ScrollUp.java:139)
at TestCases.ScrollUp.scrollUpTest(ScrollUp.java:139)
at TestCases.ScrollUp.scrollUpTest(ScrollUp.java:139)
at TestCases.ScrollUp.scrollUpTest(ScrollUp.java:139)
at TestCases.ScrollUp.scrollUpTest(ScrollUp.java:139)
at TestCases.ScrollUp.scrollUpTest(ScrollUp.java:139)
at TestCases.ScrollUp.scrollUpTest(ScrollUp.java:139)
at TestCases.ScrollUp.scrollUpTest(ScrollUp.java:139)
at TestCases.ScrollUp.scrollUpTest(ScrollUp.java:139)
at TestCases.ScrollUp.scrollUpTest(ScrollUp.java:139)
at TestCases.ScrollUp.scrollUpTest(ScrollUp.java:139)
at TestCases.ScrollUp.scrollUpTest(ScrollUp.java:139)
at TestCases.ScrollUp.scrollUpTest(ScrollUp.java:139)
at TestCases.ScrollUp.scrollUpTest(ScrollUp.java:139)
at TestCases.ScrollUp.scrollUpTest(ScrollUp.java:139)
at TestCases.ScrollUp.scrollUpTest(ScrollUp.java:139)
at TestCases.ScrollUp.scrollUpTest(ScrollUp.java:139)
at TestCases.ScrollUp.scrollUpTest(ScrollUp.java:139)
at TestCases.ScrollUp.scrollUpTest(ScrollUp.java:139)
at TestCases.ScrollUp.scrollUpTest(ScrollUp.java:139)
at TestCases.ScrollUp.scrollUpTest(ScrollUp.java:139)
at TestCases.ScrollUp.scrollUpTest(ScrollUp.java:139)
at TestCases.ScrollUp.scrollUpTest(ScrollUp.java:139)
at TestCases.ScrollUp.scrollUpTest(ScrollUp.java:139)
at TestCases.ScrollUp.scrollUpTest(ScrollUp.java:139)
at TestCases.ScrollUp.scrollUpTest(ScrollUp.java:139)
at TestCases.ScrollUp.scrollUpTest(ScrollUp.java:139)
at TestCases.ScrollUp.scrollUpTest(ScrollUp.java:139)
at TestCases.ScrollUp.scrollUpTest(ScrollUp.java:139)
at TestCases.ScrollUp.scrollUpTest(ScrollUp.java:139)
at TestCases.ScrollUp.scrollUpTest(ScrollUp.java:139)
at TestCases.ScrollUp.scrollUpTest(ScrollUp.java:139)
at TestCases.ScrollUp.scrollUpTest(ScrollUp.java:139)
at TestCases.ScrollUp.scrollUpTest(ScrollUp.java:139)
at TestCases.ScrollUp.scrollUpTest(ScrollUp.java:139)
at TestCases.ScrollUp.scrollUpTest(ScrollUp.java:139)
at TestCases.ScrollUp.scrollUpTest(ScrollUp.java:139)
at TestCases.ScrollUp.scrollUpTest(ScrollUp.java:139)
at TestCases.ScrollUp.scrollUpTest(ScrollUp.java:139)
at TestCases.ScrollUp.scrollUpTest(ScrollUp.java:139)
at TestCases.ScrollUp.scrollUpTest(ScrollUp.java:139)
at TestCases.ScrollUp.scrollUpTest(ScrollUp.java:139)
at TestCases.ScrollUp.scrollUpTest(ScrollUp.java:139)
at TestCases.ScrollUp.scrollUpTest(ScrollUp.java:139)
at TestCases.ScrollUp.scrollUpTest(ScrollUp.java:139)
at TestCases.ScrollUp.scrollUpTest(ScrollUp.java:139)
at TestCases.ScrollUp.scrollUpTest(ScrollUp.java:139)
at TestCases.ScrollUp.scrollUpTest(ScrollUp.java:139)
at TestCases.ScrollUp.scrollUpTest(ScrollUp.java:139)
at TestCases.ScrollUp.scrollUpTest(ScrollUp.java:139)
at TestCases.ScrollUp.scrollUpTest(ScrollUp.java:139)
at TestCases.ScrollUp.scrollUpTest(ScrollUp.java:139)
at TestCases.ScrollUp.scrollUpTest(ScrollUp.java:139)
at TestCases.ScrollUp.scrollUpTest(ScrollUp.java:139)
at TestCases.ScrollUp.scrollUpTest(ScrollUp.java:139)
at TestCases.ScrollUp.scrollUpTest(ScrollUp.java:139)
at TestCases.ScrollUp.scrollUpTest(ScrollUp.java:139)
at TestCases.ScrollUp.scrollUpTest(ScrollUp.java:139)
at TestCases.ScrollUp.scrollUpTest(ScrollUp.java:139)
at TestCases.ScrollUp.scrollUpTest(ScrollUp.java:139)
at TestCases.ScrollUp.scrollUpTest(ScrollUp.java:139)
at TestCases.ScrollUp.scrollUpTest(ScrollUp.java:139)
at TestCases.ScrollUp.scrollUpTest(ScrollUp.java:139)
at TestCases.ScrollUp.scrollUpTest(ScrollUp.java:139)
at TestCases.ScrollUp.scrollUpTest(ScrollUp.java:139)
at TestCases.ScrollUp.scrollUpTest(ScrollUp.java:139)
at TestCases.ScrollUp.scrollUpTest(ScrollUp.java:139)
at TestCases.ScrollUp.scrollUpTest(ScrollUp.java:139)
at TestCases.ScrollUp.scrollUpTest(ScrollUp.java:139)
at TestCases.ScrollUp.scrollUpTest(ScrollUp.java:139)
at TestCases.ScrollUp.scrollUpTest(ScrollUp.java:139)
at TestCases.ScrollUp.scrollUpTest(ScrollUp.java:139)
at TestCases.ScrollUp.scrollUpTest(ScrollUp.java:139)
at TestCases.ScrollUp.scrollUpTest(ScrollUp.java:139)
at TestCases.ScrollUp.scrollUpTest(ScrollUp.java:139)
at TestCases.ScrollUp.scrollUpTest(ScrollUp.java:139)
at TestCases.ScrollUp.scrollUpTest(ScrollUp.java:139)
at TestCases.ScrollUp.scrollUpTest(ScrollUp.java:139)
at TestCases.ScrollUp.scrollUpTest(ScrollUp.java:139)
at TestCases.ScrollUp.scrollUpTest(ScrollUp.java:139)
at TestCases.ScrollUp.scrollUpTest(ScrollUp.java:139)
at TestCases.ScrollUp.scrollUpTest(ScrollUp.java:139)
at TestCases.ScrollUp.scrollUpTest(ScrollUp.java:139)
at TestCases.ScrollUp.scrollUpTest(ScrollUp.java:139)
at TestCases.ScrollUp.scrollUpTest(ScrollUp.java:139)
at TestCases.ScrollUp.scrollUpTest(ScrollUp.java:139)
at TestCases.ScrollUp.scrollUpTest(ScrollUp.java:139)
at TestCases.ScrollUp.scrollUpTest(ScrollUp.java:139)
at TestCases.ScrollUp.scrollUpTest(ScrollUp.java:139)
at TestCases.ScrollUp.scrollUpTest(ScrollUp.java:139)
at TestCases.ScrollUp.scrollUpTest(ScrollUp.java:139)
at TestCases.ScrollUp.scrollUpTest(ScrollUp.java:139)
at TestCases.ScrollUp.scrollUpTest(ScrollUp.java:139)
at TestCases.ScrollUp.scrollUpTest(ScrollUp.java:139)
at TestCases.ScrollUp.scrollUpTest(ScrollUp.java:139)
at TestCases.ScrollUp.scrollUpTest(ScrollUp.java:139)
at TestCases.ScrollUp.scrollUpTest(ScrollUp.java:139)
at TestCases.ScrollUp.scrollUpTest(ScrollUp.java:139)
at TestCases.ScrollUp.scrollUpTest(ScrollUp.java:139)
at TestCases.ScrollUp.scrollUpTest(ScrollUp.java:139)
at TestCases.ScrollUp.scrollUpTest(ScrollUp.java:139)
at TestCases.ScrollUp.scrollUpTest(ScrollUp.java:139)
at TestCases.ScrollUp.scrollUpTest(ScrollUp.java:139)
at TestCases.ScrollUp.scrollUpTest(ScrollUp.java:139)
at TestCases.ScrollUp.scrollUpTest(ScrollUp.java:139)
at TestCases.ScrollUp.scrollUpTest(ScrollUp.java:139)
at TestCases.ScrollUp.scrollUpTest(ScrollUp.java:139)
at TestCases.ScrollUp.scrollUpTest(ScrollUp.java:139)
at TestCases.ScrollUp.scrollUpTest(ScrollUp.java:139)
at TestCases.ScrollUp.scrollUpTest(ScrollUp.java:139)
at TestCases.ScrollUp.scrollUpTest(ScrollUp.java:139)
at TestCases.ScrollUp.scrollUpTest(ScrollUp.java:139)
at TestCases.ScrollUp.scrollUpTest(ScrollUp.java:139)
at TestCases.ScrollUp.scrollUpTest(ScrollUp.java:139)
at TestCases.ScrollUp.scrollUpTest(ScrollUp.java:139)
at TestCases.ScrollUp.scrollUpTest(ScrollUp.java:139)
at TestCases.ScrollUp.scrollUpTest(ScrollUp.java:139)
at TestCases.ScrollUp.scrollUpTest(ScrollUp.java:139)
at TestCases.ScrollUp.scrollUpTest(ScrollUp.java:139)
at TestCases.ScrollUp.scrollUpTest(ScrollUp.java:139)
at TestCases.ScrollUp.scrollUpTest(ScrollUp.java:139)
at TestCases.ScrollUp.scrollUpTest(ScrollUp.java:139)
at TestCases.ScrollUp.scrollUpTest(ScrollUp.java:139)
at TestCases.ScrollUp.scrollUpTest(ScrollUp.java:139)
at TestCases.ScrollUp.scrollUpTest(ScrollUp.java:139)
at TestCases.ScrollUp.scrollUpTest(ScrollUp.java:139)
at TestCases.ScrollUp.scrollUpTest(ScrollUp.java:139)
at TestCases.ScrollUp.scrollUpTest(ScrollUp.java:139)
at TestCases.ScrollUp.scrollUpTest(ScrollUp.java:139)
at TestCases.ScrollUp.scrollUpTest(ScrollUp.java:139)
at TestCases.ScrollUp.scrollUpTest(ScrollUp.java:139)
at TestCases.ScrollUp.scrollUpTest(ScrollUp.java:139)
at TestCases.ScrollUp.scrollUpTest(ScrollUp.java:139)
at TestCases.ScrollUp.scrollUpTest(ScrollUp.java:139)
at TestCases.ScrollUp.scrollUpTest(ScrollUp.java:139)
at TestCases.ScrollUp.scrollUpTest(ScrollUp.java:139)
at TestCases.ScrollUp.scrollUpTest(ScrollUp.java:139)
at TestCases.ScrollUp.scrollUpTest(ScrollUp.java:139)
at TestCases.ScrollUp.scrollUpTest(ScrollUp.java:139)
at TestCases.ScrollUp.scrollUpTest(ScrollUp.java:139)
at TestCases.ScrollUp.scrollUpTest(ScrollUp.java:139)
at TestCases.ScrollUp.scrollUpTest(ScrollUp.java:139)
at TestCases.ScrollUp.scrollUpTest(ScrollUp.java:139)
at TestCases.ScrollUp.scrollUpTest(ScrollUp.java:139)
at TestCases.ScrollUp.scrollUpTest(ScrollUp.java:139)
at TestCases.ScrollUp.scrollUpTest(ScrollUp.java:139)
at TestCases.ScrollUp.scrollUpTest(ScrollUp.java:139)
at TestCases.ScrollUp.scrollUpTest(ScrollUp.java:139)
at TestCases.ScrollUp.scrollUpTest(ScrollUp.java:139)
at TestCases.ScrollUp.scrollUpTest(ScrollUp.java:139)
at TestCases.ScrollUp.scrollUpTest(ScrollUp.java:139)
at TestCases.ScrollUp.scrollUpTest(ScrollUp.java:139)
at TestCases.ScrollUp.scrollUpTest(ScrollUp.java:139)
at TestCases.ScrollUp.scrollUpTest(ScrollUp.java:139)
at TestCases.ScrollUp.scrollUpTest(ScrollUp.java:139)
at TestCases.ScrollUp.scrollUpTest(ScrollUp.java:139)
at TestCases.ScrollUp.scrollUpTest(ScrollUp.java:139)
at TestCases.ScrollUp.scrollUpTest(ScrollUp.java:139)
at TestCases.ScrollUp.scrollUpTest(ScrollUp.java:139)
at TestCases.ScrollUp.scrollUpTest(ScrollUp.java:139)
at TestCases.ScrollUp.scrollUpTest(ScrollUp.java:139)
at TestCases.ScrollUp.scrollUpTest(ScrollUp.java:139)
at TestCases.ScrollUp.scrollUpTest(ScrollUp.java:139)
at TestCases.ScrollUp.scrollUpTest(ScrollUp.java:139)
at TestCases.ScrollUp.scrollUpTest(ScrollUp.java:139)
at TestCases.ScrollUp.scrollUpTest(ScrollUp.java:139)
at TestCases.ScrollUp.scrollUpTest(ScrollUp.java:139)
at TestCases.ScrollUp.scrollUpTest(ScrollUp.java:139)
at TestCases.ScrollUp.scrollUpTest(ScrollUp.java:139)
at TestCases.ScrollUp.scrollUpTest(ScrollUp.java:139)
at TestCases.ScrollUp.scrollUpTest(ScrollUp.java:139)
at TestCases.ScrollUp.scrollUpTest(ScrollUp.java:139)
at TestCases.ScrollUp.scrollUpTest(ScrollUp.java:139)
at TestCases.ScrollUp.scrollUpTest(ScrollUp.java:139)
at TestCases.ScrollUp.scrollUpTest(ScrollUp.java:139)
at TestCases.ScrollUp.scrollUpTest(ScrollUp.java:139)
at TestCases.ScrollUp.scrollUpTest(ScrollUp.java:139)
at TestCases.ScrollUp.scrollUpTest(ScrollUp.java:139)
at TestCases.ScrollUp.scrollUpTest(ScrollUp.java:139)
at TestCases.ScrollUp.scrollUpTest(ScrollUp.java:139)
at TestCases.ScrollUp.scrollUpTest(ScrollUp.java:139)
at TestCases.ScrollUp.scrollUpTest(ScrollUp.java:139)
at TestCases.ScrollUp.scrollUpTest(ScrollUp.java:139)
at TestCases.ScrollUp.scrollUpTest(ScrollUp.java:139)
at TestCases.ScrollUp.scrollUpTest(ScrollUp.java:139)
at TestCases.ScrollUp.scrollUpTest(ScrollUp.java:139)
at TestCases.ScrollUp.scrollUpTest(ScrollUp.java:139)
at TestCases.ScrollUp.scrollUpTest(ScrollUp.java:139)
at TestCases.ScrollUp.scrollUpTest(ScrollUp.java:139)
at TestCases.ScrollUp.scrollUpTest(ScrollUp.java:139)
at TestCases.ScrollUp.scrollUpTest(ScrollUp.java:139)
at TestCases.ScrollUp.scrollUpTest(ScrollUp.java:139)
at TestCases.ScrollUp.scrollUpTest(ScrollUp.java:139)
at TestCases.ScrollUp.scrollUpTest(ScrollUp.java:139)
at TestCases.ScrollUp.scrollUpTest(ScrollUp.java:139)
at TestCases.ScrollUp.scrollUpTest(ScrollUp.java:139)
at TestCases.ScrollUp.scrollUpTest(ScrollUp.java:139)
at TestCases.ScrollUp.scrollUpTest(ScrollUp.java:139)
at TestCases.ScrollUp.scrollUpTest(ScrollUp.java:139)
at TestCases.ScrollUp.scrollUpTest(ScrollUp.java:139)
at TestCases.ScrollUp.scrollUpTest(ScrollUp.java:139)
at TestCases.ScrollUp.scrollUpTest(ScrollUp.java:139)
at TestCases.ScrollUp.scrollUpTest(ScrollUp.java:139)
at TestCases.ScrollUp.scrollUpTest(ScrollUp.java:139)
at TestCases.ScrollUp.scrollUpTest(ScrollUp.java:139)
at TestCases.ScrollUp.scrollUpTest(ScrollUp.java:139)
at TestCases.ScrollUp.scrollUpTest(ScrollUp.java:139)
at TestCases.ScrollUp.scrollUpTest(ScrollUp.java:139)
at TestCases.ScrollUp.scrollUpTest(ScrollUp.java:139)
at TestCases.ScrollUp.scrollUpTest(ScrollUp.java:139)
at TestCases.ScrollUp.scrollUpTest(ScrollUp.java:139)
at TestCases.ScrollUp.scrollUpTest(ScrollUp.java:139)
at TestCases.ScrollUp.scrollUpTest(ScrollUp.java:139)
at TestCases.ScrollUp.scrollUpTest(ScrollUp.java:139)
at TestCases.ScrollUp.scrollUpTest(ScrollUp.java:139)
at TestCases.ScrollUp.scrollUpTest(ScrollUp.java:139)
at TestCases.ScrollUp.scrollUpTest(ScrollUp.java:139)
at TestCases.ScrollUp.scrollUpTest(ScrollUp.java:139)
at TestCases.ScrollUp.scrollUpTest(ScrollUp.java:139)
at TestCases.ScrollUp.scrollUpTest(ScrollUp.java:139)
at TestCases.ScrollUp.scrollUpTest(ScrollUp.java:139)
at TestCases.ScrollUp.scrollUpTest(ScrollUp.java:139)
at TestCases.ScrollUp.scrollUpTest(ScrollUp.java:139)
at TestCases.ScrollUp.scrollUpTest(ScrollUp.java:139)
at TestCases.ScrollUp.scrollUpTest(ScrollUp.java:139)
at TestCases.ScrollUp.scrollUpTest(ScrollUp.java:139)
at TestCases.ScrollUp.scrollUpTest(ScrollUp.java:139)
at TestCases.ScrollUp.scrollUpTest(ScrollUp.java:139)
at TestCases.ScrollUp.scrollUpTest(ScrollUp.java:139)
at TestCases.ScrollUp.scrollUpTest(ScrollUp.java:139)
at TestCases.ScrollUp.scrollUpTest(ScrollUp.java:139)
at TestCases.ScrollUp.scrollUpTest(ScrollUp.java:139)
at TestCases.ScrollUp.scrollUpTest(ScrollUp.java:139)
at TestCases.ScrollUp.scrollUpTest(ScrollUp.java:139)
at TestCases.ScrollUp.scrollUpTest(ScrollUp.java:139)
at TestCases.ScrollUp.scrollUpTest(ScrollUp.java:139)
at TestCases.ScrollUp.scrollUpTest(ScrollUp.java:139)
at TestCases.ScrollUp.scrollUpTest(ScrollUp.java:139)
at TestCases.ScrollUp.scrollUpTest(ScrollUp.java:139)
at TestCases.ScrollUp.scrollUpTest(ScrollUp.java:139)
at TestCases.ScrollUp.scrollUpTest(ScrollUp.java:139)
at TestCases.ScrollUp.scrollUpTest(ScrollUp.java:139)
at TestCases.ScrollUp.scrollUpTest(ScrollUp.java:139)
at TestCases.ScrollUp.scrollUpTest(ScrollUp.java:139)
at TestCases.ScrollUp.scrollUpTest(ScrollUp.java:139)
at TestCases.ScrollUp.scrollUpTest(ScrollUp.java:139)
at TestCases.ScrollUp.scrollUpTest(ScrollUp.java:139)
at TestCases.ScrollUp.scrollUpTest(ScrollUp.java:139)
at TestCases.ScrollUp.scrollUpTest(ScrollUp.java:139)
at TestCases.ScrollUp.scrollUpTest(ScrollUp.java:139)
at TestCases.ScrollUp.scrollUpTest(ScrollUp.java:139)
at TestCases.ScrollUp.scrollUpTest(ScrollUp.java:139)
at TestCases.ScrollUp.scrollUpTest(ScrollUp.java:139)
at TestCases.ScrollUp.scrollUpTest(ScrollUp.java:139)
at TestCases.ScrollUp.scrollUpTest(ScrollUp.java:139)
at TestCases.ScrollUp.scrollUpTest(ScrollUp.java:139)
at TestCases.ScrollUp.scrollUpTest(ScrollUp.java:139)
at TestCases.ScrollUp.scrollUpTest(ScrollUp.java:139)
at TestCases.ScrollUp.scrollUpTest(ScrollUp.java:139)
at TestCases.ScrollUp.scrollUpTest(ScrollUp.java:139)
at TestCases.ScrollUp.scrollUpTest(ScrollUp.java:139)
at TestCases.ScrollUp.scrollUpTest(ScrollUp.java:139)
at TestCases.ScrollUp.scrollUpTest(ScrollUp.java:139)
at TestCases.ScrollUp.scrollUpTest(ScrollUp.java:139)
at TestCases.ScrollUp.scrollUpTest(ScrollUp.java:139)
at TestCases.ScrollUp.scrollUpTest(ScrollUp.java:139)
at TestCases.ScrollUp.scrollUpTest(ScrollUp.java:139)
at TestCases.ScrollUp.scrollUpTest(ScrollUp.java:139)
at TestCases.ScrollUp.scrollUpTest(ScrollUp.java:139)
at TestCases.ScrollUp.scrollUpTest(ScrollUp.java:139)
at TestCases.ScrollUp.scrollUpTest(ScrollUp.java:139)
at TestCases.ScrollUp.scrollUpTest(ScrollUp.java:139)
at TestCases.ScrollUp.scrollUpTest(ScrollUp.java:139)
at TestCases.ScrollUp.scrollUpTest(ScrollUp.java:139)
at TestCases.ScrollUp.scrollUpTest(ScrollUp.java:139)
at TestCases.ScrollUp.scrollUpTest(ScrollUp.java:139)
at TestCases.ScrollUp.scrollUpTest(ScrollUp.java:139)
at TestCases.ScrollUp.scrollUpTest(ScrollUp.java:139)
at TestCases.ScrollUp.scrollUpTest(ScrollUp.java:139)
at TestCases.ScrollUp.scrollUpTest(ScrollUp.java:139)
at TestCases.ScrollUp.scrollUpTest(ScrollUp.java:139)
at TestCases.ScrollUp.scrollUpTest(ScrollUp.java:139)
at TestCases.ScrollUp.scrollUpTest(ScrollUp.java:139)
at TestCases.ScrollUp.scrollUpTest(ScrollUp.java:139)
at TestCases.ScrollUp.scrollUpTest(ScrollUp.java:139)
at TestCases.ScrollUp.scrollUpTest(ScrollUp.java:139)
at TestCases.ScrollUp.scrollUpTest(ScrollUp.java:139)
at TestCases.ScrollUp.scrollUpTest(ScrollUp.java:139)
at TestCases.ScrollUp.scrollUpTest(ScrollUp.java:139)
at TestCases.ScrollUp.scrollUpTest(ScrollUp.java:139)
at TestCases.ScrollUp.scrollUpTest(ScrollUp.java:139)
at TestCases.ScrollUp.scrollUpTest(ScrollUp.java:139)
at TestCases.ScrollUp.scrollUpTest(ScrollUp.java:139)
at TestCases.ScrollUp.scrollUpTest(ScrollUp.java:139)
at TestCases.ScrollUp.scrollUpTest(ScrollUp.java:139)
at TestCases.ScrollUp.scrollUpTest(ScrollUp.java:139)
at TestCases.ScrollUp.scrollUpTest(ScrollUp.java:139)
at TestCases.ScrollUp.scrollUpTest(ScrollUp.java:139)
at TestCases.ScrollUp.scrollUpTest(ScrollUp.java:139)
at TestCases.ScrollUp.scrollUpTest(ScrollUp.java:139)
at TestCases.ScrollUp.scrollUpTest(ScrollUp.java:139)
at TestCases.ScrollUp.scrollUpTest(ScrollUp.java:139)
at TestCases.ScrollUp.scrollUpTest(ScrollUp.java:139)
at TestCases.ScrollUp.scrollUpTest(ScrollUp.java:139)
at TestCases.ScrollUp.scrollUpTest(ScrollUp.java:139)
at TestCases.ScrollUp.scrollUpTest(ScrollUp.java:139)
at TestCases.ScrollUp.scrollUpTest(ScrollUp.java:139)
at TestCases.ScrollUp.scrollUpTest(ScrollUp.java:139)
at TestCases.ScrollUp.scrollUpTest(ScrollUp.java:139)
at TestCases.ScrollUp.scrollUpTest(ScrollUp.java:139)
at TestCases.ScrollUp.scrollUpTest(ScrollUp.java:139)
at TestCases.ScrollUp.scrollUpTest(ScrollUp.java:139)
at TestCases.ScrollUp.scrollUpTest(ScrollUp.java:139)
at TestCases.ScrollUp.scrollUpTest(ScrollUp.java:139)
at TestCases.ScrollUp.scrollUpTest(ScrollUp.java:139)
at TestCases.ScrollUp.scrollUpTest(ScrollUp.java:139)
at TestCases.ScrollUp.scrollUpTest(ScrollUp.java:139)
at TestCases.ScrollUp.scrollUpTest(ScrollUp.java:139)
at TestCases.ScrollUp.scrollUpTest(ScrollUp.java:139)
at TestCases.ScrollUp.scrollUpTest(ScrollUp.java:139)
at TestCases.ScrollUp.scrollUpTest(ScrollUp.java:139)
at TestCases.ScrollUp.scrollUpTest(ScrollUp.java:139)
at TestCases.ScrollUp.scrollUpTest(ScrollUp.java:139)
at TestCases.ScrollUp.scrollUpTest(ScrollUp.java:139)
at TestCases.ScrollUp.scrollUpTest(ScrollUp.java:139)
at TestCases.ScrollUp.scrollUpTest(ScrollUp.java:139)
at TestCases.ScrollUp.scrollUpTest(ScrollUp.java:139)
at TestCases.ScrollUp.scrollUpTest(ScrollUp.java:139)
at TestCases.ScrollUp.scrollUpTest(ScrollUp.java:139)
at TestCases.ScrollUp.scrollUpTest(ScrollUp.java:139)
at TestCases.ScrollUp.scrollUpTest(ScrollUp.java:139)
at TestCases.ScrollUp.scrollUpTest(ScrollUp.java:139)
at TestCases.ScrollUp.scrollUpTest(ScrollUp.java:139)
at TestCases.ScrollUp.scrollUpTest(ScrollUp.java:139)
at TestCases.ScrollUp.scrollUpTest(ScrollUp.java:139)
at TestCases.ScrollUp.scrollUpTest(ScrollUp.java:139)
at TestCases.ScrollUp.scrollUpTest(ScrollUp.java:139)
at TestCases.ScrollUp.scrollUpTest(ScrollUp.java:139)
at TestCases.ScrollUp.scrollUpTest(ScrollUp.java:139)
at TestCases.ScrollUp.scrollUpTest(ScrollUp.java:139)
at TestCases.ScrollUp.scrollUpTest(ScrollUp.java:139)
at TestCases.ScrollUp.scrollUpTest(ScrollUp.java:139)
at TestCases.ScrollUp.scrollUpTest(ScrollUp.java:139)
at TestCases.ScrollUp.scrollUpTest(ScrollUp.java:139)
at TestCases.ScrollUp.scrollUpTest(ScrollUp.java:139)
at TestCases.ScrollUp.scrollUpTest(ScrollUp.java:139)
at TestCases.ScrollUp.scrollUpTest(ScrollUp.java:139)
at TestCases.ScrollUp.scrollUpTest(ScrollUp.java:139)
at TestCases.ScrollUp.scrollUpTest(ScrollUp.java:139)
at TestCases.ScrollUp.scrollUpTest(ScrollUp.java:139)
at TestCases.ScrollUp.scrollUpTest(ScrollUp.java:139)
at TestCases.ScrollUp.scrollUpTest(ScrollUp.java:139)
at TestCases.ScrollUp.scrollUpTest(ScrollUp.java:139)
at TestCases.ScrollUp.scrollUpTest(ScrollUp.java:139)
at TestCases.ScrollUp.scrollUpTest(ScrollUp.java:139)
at TestCases.ScrollUp.scrollUpTest(ScrollUp.java:139)
at TestCases.ScrollUp.scrollUpTest(ScrollUp.java:139)
at TestCases.ScrollUp.scrollUpTest(ScrollUp.java:139)
at TestCases.ScrollUp.scrollUpTest(ScrollUp.java:139)
at TestCases.ScrollUp.scrollUpTest(ScrollUp.java:139)
at TestCases.ScrollUp.scrollUpTest(ScrollUp.java:139)
at TestCases.ScrollUp.scrollUpTest(ScrollUp.java:139)
at TestCases.ScrollUp.scrollUpTest(ScrollUp.java:139)
at TestCases.ScrollUp.scrollUpTest(ScrollUp.java:139)
at TestCases.ScrollUp.scrollUpTest(ScrollUp.java:139)
at TestCases.ScrollUp.scrollUpTest(ScrollUp.java:139)
at TestCases.ScrollUp.scrollUpTest(ScrollUp.java:139)
at TestCases.ScrollUp.scrollUpTest(ScrollUp.java:139)
at TestCases.ScrollUp.scrollUpTest(ScrollUp.java:139)
at TestCases.ScrollUp.scrollUpTest(ScrollUp.java:139)
at TestCases.ScrollUp.scrollUpTest(ScrollUp.java:139)
at TestCases.ScrollUp.scrollUpTest(ScrollUp.java:139)
at TestCases.ScrollUp.scrollUpTest(ScrollUp.java:139)
at TestCases.ScrollUp.scrollUpTest(ScrollUp.java:139)
at TestCases.ScrollUp.scrollUpTest(ScrollUp.java:139)
at TestCases.ScrollUp.scrollUpTest(ScrollUp.java:139)
at TestCases.ScrollUp.scrollUpTest(ScrollUp.java:139)
at TestCases.ScrollUp.scrollUpTest(ScrollUp.java:139)
at TestCases.ScrollUp.scrollUpTest(ScrollUp.java:139)
at TestCases.ScrollUp.scrollUpTest(ScrollUp.java:139)
at TestCases.ScrollUp.scrollUpTest(ScrollUp.java:139)
at TestCases.ScrollUp.scrollUpTest(ScrollUp.java:139)
at TestCases.ScrollUp.scrollUpTest(ScrollUp.java:139)
at TestCases.ScrollUp.scrollUpTest(ScrollUp.java:139)
at TestCases.ScrollUp.scrollUpTest(ScrollUp.java:139)
at TestCases.ScrollUp.scrollUpTest(ScrollUp.java:139)
at TestCases.ScrollUp.scrollUpTest(ScrollUp.java:139)
at TestCases.ScrollUp.scrollUpTest(ScrollUp.java:139)
at TestCases.ScrollUp.scrollUpTest(ScrollUp.java:139)
at TestCases.ScrollUp.scrollUpTest(ScrollUp.java:139)
at TestCases.ScrollUp.scrollUpTest(ScrollUp.java:139)
at TestCases.ScrollUp.scrollUpTest(ScrollUp.java:139)
at TestCases.ScrollUp.scrollUpTest(ScrollUp.java:139)
at TestCases.ScrollUp.scrollUpTest(ScrollUp.java:139)
at TestCases.ScrollUp.scrollUpTest(ScrollUp.java:139)
at TestCases.ScrollUp.scrollUpTest(ScrollUp.java:139)
at TestCases.ScrollUp.scrollUpTest(ScrollUp.java:139)
at TestCases.ScrollUp.scrollUpTest(ScrollUp.java:139)
at TestCases.ScrollUp.scrollUpTest(ScrollUp.java:139)
at TestCases.ScrollUp.scrollUpTest(ScrollUp.java:139)
at TestCases.ScrollUp.scrollUpTest(ScrollUp.java:139)
at TestCases.ScrollUp.scrollUpTest(ScrollUp.java:139)
at TestCases.ScrollUp.scrollUpTest(ScrollUp.java:139)
at TestCases.ScrollUp.scrollUpTest(ScrollUp.java:139)
at TestCases.ScrollUp.scrollUpTest(ScrollUp.java:139)
at TestCases.ScrollUp.scrollUpTest(ScrollUp.java:139)
at TestCases.ScrollUp.scrollUpTest(ScrollUp.java:139)
at TestCases.ScrollUp.scrollUpTest(ScrollUp.java:139)
at TestCases.ScrollUp.scrollUpTest(ScrollUp.java:139)
at TestCases.ScrollUp.scrollUpTest(ScrollUp.java:139)
at TestCases.ScrollUp.scrollUpTest(ScrollUp.java:139)
at TestCases.ScrollUp.scrollUpTest(ScrollUp.java:139)
at TestCases.ScrollUp.scrollUpTest(ScrollUp.java:139)
at TestCases.ScrollUp.scrollUpTest(ScrollUp.java:139)
at TestCases.ScrollUp.scrollUpTest(ScrollUp.java:139)
at TestCases.ScrollUp.scrollUpTest(ScrollUp.java:139)
at TestCases.ScrollUp.scrollUpTest(ScrollUp.java:139)
at TestCases.ScrollUp.scrollUpTest(ScrollUp.java:139)
at TestCases.ScrollUp.scrollUpTest(ScrollUp.java:139)
at TestCases.ScrollUp.scrollUpTest(ScrollUp.java:139)
at TestCases.ScrollUp.scrollUpTest(ScrollUp.java:139)
at TestCases.ScrollUp.scrollUpTest(ScrollUp.java:139)
at TestCases.ScrollUp.scrollUpTest(ScrollUp.java:139)
at TestCases.ScrollUp.scrollUpTest(ScrollUp.java:139)
at TestCases.ScrollUp.scrollUpTest(ScrollUp.java:139)
at TestCases.ScrollUp.scrollUpTest(ScrollUp.java:139)
at TestCases.ScrollUp.scrollUpTest(ScrollUp.java:139)
at TestCases.ScrollUp.scrollUpTest(ScrollUp.java:139)
at TestCases.ScrollUp.scrollUpTest(ScrollUp.java:139)
at TestCases.ScrollUp.scrollUpTest(ScrollUp.java:139)
at TestCases.ScrollUp.scrollUpTest(ScrollUp.java:139)
at TestCases.ScrollUp.scrollUpTest(ScrollUp.java:139)
at TestCases.ScrollUp.scrollUpTest(ScrollUp.java:139)
at TestCases.ScrollUp.scrollUpTest(ScrollUp.java:139)
at TestCases.ScrollUp.scrollUpTest(ScrollUp.java:139)
at TestCases.ScrollUp.scrollUpTest(ScrollUp.java:139)
at TestCases.ScrollUp.scrollUpTest(ScrollUp.java:139)
at TestCases.ScrollUp.scrollUpTest(ScrollUp.java:139)
at TestCases.ScrollUp.scrollUpTest(ScrollUp.java:139)
at TestCases.ScrollUp.scrollUpTest(ScrollUp.java:139)
at TestCases.ScrollUp.scrollUpTest(ScrollUp.java:139)
at TestCases.ScrollUp.scrollUpTest(ScrollUp.java:139)
at TestCases.ScrollUp.scrollUpTest(ScrollUp.java:139)
at TestCases.ScrollUp.scrollUpTest(ScrollUp.java:139)
at TestCases.ScrollUp.scrollUpTest(ScrollUp.java:139)
at TestCases.ScrollUp.scrollUpTest(ScrollUp.java:139)
at TestCases.ScrollUp.scrollUpTest(ScrollUp.java:139)
at TestCases.ScrollUp.scrollUpTest(ScrollUp.java:139)
at TestCases.ScrollUp.scrollUpTest(ScrollUp.java:139)
at TestCases.ScrollUp.scrollUpTest(ScrollUp.java:139)
at TestCases.ScrollUp.scrollUpTest(ScrollUp.java:139)
at TestCases.ScrollUp.scrollUpTest(ScrollUp.java:139)
at TestCases.ScrollUp.scrollUpTest(ScrollUp.java:139)
at TestCases.ScrollUp.scrollUpTest(ScrollUp.java:139)
at TestCases.ScrollUp.scrollUpTest(ScrollUp.java:139)
at TestCases.ScrollUp.scrollUpTest(ScrollUp.java:139)
at TestCases.ScrollUp.scrollUpTest(ScrollUp.java:139)
at TestCases.ScrollUp.scrollUpTest(ScrollUp.java:139)
at TestCases.ScrollUp.scrollUpTest(ScrollUp.java:139)
at TestCases.ScrollUp.scrollUpTest(ScrollUp.java:139)
at TestCases.ScrollUp.scrollUpTest(ScrollUp.java:139)
at TestCases.ScrollUp.scrollUpTest(ScrollUp.java:139)
at TestCases.ScrollUp.scrollUpTest(ScrollUp.java:139)
at TestCases.ScrollUp.scrollUpTest(ScrollUp.java:139)
at TestCases.ScrollUp.scrollUpTest(ScrollUp.java:139)
at TestCases.ScrollUp.scrollUpTest(ScrollUp.java:139)
at TestCases.ScrollUp.scrollUpTest(ScrollUp.java:139)
at TestCases.ScrollUp.scrollUpTest(ScrollUp.java:139)
at TestCases.ScrollUp.scrollUpTest(ScrollUp.java:139)
at TestCases.ScrollUp.scrollUpTest(ScrollUp.java:139)
at TestCases.ScrollUp.scrollUpTest(ScrollUp.java:139)
at TestCases.ScrollUp.scrollUpTest(ScrollUp.java:139)
at TestCases.ScrollUp.scrollUpTest(ScrollUp.java:139)
at TestCases.ScrollUp.scrollUpTest(ScrollUp.java:139)
at TestCases.ScrollUp.scrollUpTest(ScrollUp.java:139)
at TestCases.ScrollUp.scrollUpTest(ScrollUp.java:139)
at TestCases.ScrollUp.scrollUpTest(ScrollUp.java:139)
at TestCases.ScrollUp.scrollUpTest(ScrollUp.java:139)
at TestCases.ScrollUp.scrollUpTest(ScrollUp.java:139)
at TestCases.ScrollUp.scrollUpTest(ScrollUp.java:139)
at TestCases.ScrollUp.scrollUpTest(ScrollUp.java:139)
at TestCases.ScrollUp.scrollUpTest(ScrollUp.java:139)
at TestCases.ScrollUp.scrollUpTest(ScrollUp.java:139)
at TestCases.ScrollUp.scrollUpTest(ScrollUp.java:139)
at TestCases.ScrollUp.scrollUpTest(ScrollUp.java:139)
at TestCases.ScrollUp.scrollUpTest(ScrollUp.java:139)
at TestCases.ScrollUp.scrollUpTest(ScrollUp.java:139)
at TestCases.ScrollUp.scrollUpTest(ScrollUp.java:139)
at TestCases.ScrollUp.scrollUpTest(ScrollUp.java:139)
at TestCases.ScrollUp.scrollUpTest(ScrollUp.java:139)
at TestCases.ScrollUp.scrollUpTest(ScrollUp.java:139)
at TestCases.ScrollUp.scrollUpTest(ScrollUp.java:139)
at TestCases.ScrollUp.scrollUpTest(ScrollUp.java:139)
at TestCases.ScrollUp.scrollUpTest(ScrollUp.java:139)
at TestCases.ScrollUp.scrollUpTest(ScrollUp.java:139)
at TestCases.ScrollUp.scrollUpTest(ScrollUp.java:139)
at TestCases.ScrollUp.scrollUpTest(ScrollUp.java:139)
at TestCases.ScrollUp.scrollUpTest(ScrollUp.java:139)
at TestCases.ScrollUp.scrollUpTest(ScrollUp.java:139)
at TestCases.ScrollUp.scrollUpTest(ScrollUp.java:139)
at TestCases.ScrollUp.scrollUpTest(ScrollUp.java:139)
at TestCases.ScrollUp.scrollUpTest(ScrollUp.java:139)
at TestCases.ScrollUp.scrollUpTest(ScrollUp.java:139)
at TestCases.ScrollUp.scrollUpTest(ScrollUp.java:139)
at TestCases.ScrollUp.scrollUpTest(ScrollUp.java:139)
at TestCases.ScrollUp.scrollUpTest(ScrollUp.java:139)
at TestCases.ScrollUp.scrollUpTest(ScrollUp.java:139)
at TestCases.ScrollUp.scrollUpTest(ScrollUp.java:139)
at TestCases.ScrollUp.scrollUpTest(ScrollUp.java:139)
at TestCases.ScrollUp.scrollUpTest(ScrollUp.java:139)
at TestCases.ScrollUp.scrollUpTest(ScrollUp.java:139)
at TestCases.ScrollUp.scrollUpTest(ScrollUp.java:139)
at TestCases.ScrollUp.scrollUpTest(ScrollUp.java:139)
at TestCases.ScrollUp.scrollUpTest(ScrollUp.java:139)
at TestCases.ScrollUp.scrollUpTest(ScrollUp.java:139)
at TestCases.ScrollUp.scrollUpTest(ScrollUp.java:139)
at TestCases.ScrollUp.scrollUpTest(ScrollUp.java:139)
at TestCases.ScrollUp.scrollUpTest(ScrollUp.java:139)
at TestCases.ScrollUp.scrollUpTest(ScrollUp.java:139)
at TestCases.ScrollUp.scrollUpTest(ScrollUp.java:139)
at TestCases.ScrollUp.scrollUpTest(ScrollUp.java:139)
at TestCases.ScrollUp.scrollUpTest(ScrollUp.java:139)
at TestCases.ScrollUp.scrollUpTest(ScrollUp.java:139)
at TestCases.ScrollUp.scrollUpTest(ScrollUp.java:139)
at TestCases.ScrollUp.scrollUpTest(ScrollUp.java:139)
at TestCases.ScrollUp.scrollUpTest(ScrollUp.java:139)
at TestCases.ScrollUp.scrollUpTest(ScrollUp.java:139)
at TestCases.ScrollUp.scrollUpTest(ScrollUp.java:139)
at TestCases.ScrollUp.scrollUpTest(ScrollUp.java:139)
at TestCases.ScrollUp.scrollUpTest(ScrollUp.java:139)
at TestCases.ScrollUp.scrollUpTest(ScrollUp.java:139)
at TestCases.ScrollUp.scrollUpTest(ScrollUp.java:139)
at TestCases.ScrollUp.scrollUpTest(ScrollUp.java:139)
]]>
    </error>
  </testcase> <!-- scrollUpTest -->
  <system-out/>
</testsuite> <!-- TestCases.ScrollUp -->
